0 info it worked if it ends with ok
1 verbose cli [ 'c:\\Program Files\\nodejs\\node.exe',
1 verbose cli   'c:\\Program Files\\nodejs\\node_modules\\npm\\bin\\npm-cli.js',
1 verbose cli   'uninstall',
1 verbose cli   'bootstrap' ]
2 info using npm@1.2.11
3 info using node@v0.8.20
4 info c:\Users\tangxiaoming\Desktop\github\miniremind\node_modules\bootstrap unbuild
5 verbose read json c:\Users\tangxiaoming\Desktop\github\miniremind\node_modules\bootstrap\package.json
6 error Error: EBUSY, unlink 'c:\Users\tangxiaoming\Desktop\github\miniremind\node_modules\bootstrap\bin'
7 error If you need help, you may report this log at:
7 error     <http://github.com/isaacs/npm/issues>
7 error or email it to:
7 error     <npm-@googlegroups.com>
8 error System Windows_NT 6.1.7601
9 error command "c:\\Program Files\\nodejs\\node.exe" "c:\\Program Files\\nodejs\\node_modules\\npm\\bin\\npm-cli.js" "uninstall" "bootstrap"
10 error cwd c:\Users\tangxiaoming\Desktop\github\miniremind
11 error node -v v0.8.20
12 error npm -v 1.2.11
13 error path c:\Users\tangxiaoming\Desktop\github\miniremind\node_modules\bootstrap\bin
14 error code EBUSY
15 error errno 10
16 verbose exit [ 10, true ]
